11-19 16:19:46 com_github_MitjaNemec_ReplicateLayout.action_replicate_layout 392:Plugin executed on: 'win32'
11-19 16:19:46 com_github_MitjaNemec_ReplicateLayout.action_replicate_layout 393:Plugin executed with python version: '3.11.5 (main, Aug 14 2024, 05:26:19) [MSC v.1939 64 bit (AMD64)]'
11-19 16:19:46 com_github_MitjaNemec_ReplicateLayout.action_replicate_layout 394:KiCad build version: 8.0.5
11-19 16:19:46 com_github_MitjaNemec_ReplicateLayout.action_replicate_layout 395:Plugin version: 3.0.3
11-19 16:19:46 com_github_MitjaNemec_ReplicateLayout.action_replicate_layout 396:Frame repr: <wx._core.Frame object at 0x0000028E90EC0430>
11-19 16:19:46 com_github_MitjaNemec_ReplicateLayout.action_replicate_layout 420:Preparing replicator with R18 as a reference
11-19 16:19:46 com_github_MitjaNemec_ReplicateLayout.replicate_layout 117:getting a list of all footprints on board
11-19 16:19:46 com_github_MitjaNemec_ReplicateLayout.action_replicate_layout 468:source anchor footprint is 'R18'
Located on: ['Knob1']
With filenames: ['Knob.kicad_sch']
With sheet_id:['Knob1']
11-19 16:19:46 com_github_MitjaNemec_ReplicateLayout.action_replicate_layout 475:Corresponding footprints are 
[('R21', ['Knob2']), ('R40', ['Knob6']), ('R18', ['Knob1']), ('R24', ['Knob3']), ('R37', ['Knob5']), ('R34', ['Knob4'])]
11-19 16:19:46 com_github_MitjaNemec_ReplicateLayout.action_replicate_layout 487:Showing dialog
11-19 16:19:46 com_github_MitjaNemec_ReplicateLayout.replicate_layout 472:constructing a list of sheets suitable for replication on level:'Knob1', file:'Knob.kicad_sch'
11-19 16:19:46 com_github_MitjaNemec_ReplicateLayout.replicate_layout 509:suitable sheets are:[['Knob2'], ['Knob3'], ['Knob4'], ['Knob5'], ['Knob6']]
11-19 16:19:47 com_github_MitjaNemec_ReplicateLayout.replicate_layout 1507:Level selected: ['Knob1']
11-19 16:19:47 com_github_MitjaNemec_ReplicateLayout.replicate_layout 1331:Filtering list of tracks
11-19 16:19:47 com_github_MitjaNemec_ReplicateLayout.action_replicate_layout 493:Toolbar position: wx.Point(-1148, 226)
11-19 16:19:47 com_github_MitjaNemec_ReplicateLayout.action_replicate_layout 498:Dialog position: wx.Point(-1587, 226)
11-19 16:19:53 com_github_MitjaNemec_ReplicateLayout.replicate_layout 472:constructing a list of sheets suitable for replication on level:'Knob1', file:'Knob.kicad_sch'
11-19 16:19:53 com_github_MitjaNemec_ReplicateLayout.replicate_layout 509:suitable sheets are:[['Knob2'], ['Knob3'], ['Knob4'], ['Knob5'], ['Knob6']]
11-19 16:19:53 com_github_MitjaNemec_ReplicateLayout.replicate_layout 1507:Level selected: ['Knob1']
11-19 16:19:53 com_github_MitjaNemec_ReplicateLayout.replicate_layout 1331:Filtering list of tracks
11-19 16:19:55 com_github_MitjaNemec_ReplicateLayout.replicate_layout 472:constructing a list of sheets suitable for replication on level:'Knob1', file:'Knob.kicad_sch'
11-19 16:19:55 com_github_MitjaNemec_ReplicateLayout.replicate_layout 509:suitable sheets are:[['Knob2'], ['Knob3'], ['Knob4'], ['Knob5'], ['Knob6']]
11-19 16:19:55 com_github_MitjaNemec_ReplicateLayout.replicate_layout 1507:Level selected: ['Knob1']
11-19 16:19:55 com_github_MitjaNemec_ReplicateLayout.replicate_layout 1331:Filtering list of tracks
11-19 16:19:58 com_github_MitjaNemec_ReplicateLayout.replicate_layout 472:constructing a list of sheets suitable for replication on level:'Knob1', file:'Knob.kicad_sch'
11-19 16:19:58 com_github_MitjaNemec_ReplicateLayout.replicate_layout 509:suitable sheets are:[['Knob2'], ['Knob3'], ['Knob4'], ['Knob5'], ['Knob6']]
11-19 16:19:58 com_github_MitjaNemec_ReplicateLayout.action_replicate_layout 240:Replicating layout
11-19 16:19:58 com_github_MitjaNemec_ReplicateLayout.replicate_layout 288:Starting replication of sheets: [['Knob2'], ['Knob3'], ['Knob4'], ['Knob5'], ['Knob6']]
on level: ['Knob1']
with tracks=True, zone=True, text=True, text=True, intersecting=False, remove=True, locked footprints=False, group_only=False
11-19 16:19:58 root 332:updating GUI message: 'Preparing for replication'
11-19 16:19:58 root 337:updating GUI with: 0
11-19 16:19:58 com_github_MitjaNemec_ReplicateLayout.replicate_layout 358:Getting the list of source footprints
11-19 16:19:58 com_github_MitjaNemec_ReplicateLayout.replicate_layout 368:Getting the list of all the remaining footprints
11-19 16:19:58 com_github_MitjaNemec_ReplicateLayout.replicate_layout 375:Getting source tracks
11-19 16:19:58 com_github_MitjaNemec_ReplicateLayout.replicate_layout 1331:Filtering list of tracks
11-19 16:19:58 com_github_MitjaNemec_ReplicateLayout.replicate_layout 379:Getting source zones
11-19 16:19:58 com_github_MitjaNemec_ReplicateLayout.replicate_layout 383:Getting source text items
11-19 16:19:58 com_github_MitjaNemec_ReplicateLayout.replicate_layout 387:Getting source drawing items
11-19 16:19:58 com_github_MitjaNemec_ReplicateLayout.replicate_layout 320:Removing tracks and zones, before footprint placement
11-19 16:19:58 root 332:updating GUI message: 'Removing zones and tracks'
11-19 16:19:58 root 337:updating GUI with: 0
11-19 16:19:58 com_github_MitjaNemec_ReplicateLayout.replicate_layout 1277:Remove bounding box top:69945000, bottom:82175000, Left:256162500, Right:274075000
11-19 16:19:58 com_github_MitjaNemec_ReplicateLayout.replicate_layout 1277:Remove bounding box top:50895000, bottom:63125000, Left:256162500, Right:274075000
11-19 16:19:58 root 337:updating GUI with: 40
11-19 16:19:58 com_github_MitjaNemec_ReplicateLayout.replicate_layout 1277:Remove bounding box top:89275000, bottom:101505000, Left:125975000, Right:143887500
11-19 16:19:58 com_github_MitjaNemec_ReplicateLayout.replicate_layout 1277:Remove bounding box top:70225000, bottom:82455000, Left:125975000, Right:143887500
11-19 16:19:58 com_github_MitjaNemec_ReplicateLayout.replicate_layout 1277:Remove bounding box top:51175000, bottom:63405000, Left:125975000, Right:143887500
11-19 16:19:58 root 332:updating GUI message: 'Replicating footprints'
11-19 16:19:58 root 337:updating GUI with: 0
11-19 16:19:58 com_github_MitjaNemec_ReplicateLayout.replicate_layout 861:Replicating footprints
11-19 16:19:58 com_github_MitjaNemec_ReplicateLayout.replicate_layout 868:Replicating footprints on sheet ['Knob2']
11-19 16:19:58 com_github_MitjaNemec_ReplicateLayout.replicate_layout 985:Src text UUid:71e13fa4-9b1d-4670-92f5-cf9a68b79561
11-19 16:19:58 com_github_MitjaNemec_ReplicateLayout.replicate_layout 986:Dst text UUid:f347a624-f18b-493b-9e42-5f5315b2a27d
11-19 16:19:58 com_github_MitjaNemec_ReplicateLayout.replicate_layout 985:Src text UUid:7fd31c2c-5c89-474d-b046-a2ff759695f1
11-19 16:19:58 com_github_MitjaNemec_ReplicateLayout.replicate_layout 986:Dst text UUid:a6fa9b7f-7e97-4ca6-a99c-db16031462a3
11-19 16:19:58 com_github_MitjaNemec_ReplicateLayout.replicate_layout 985:Src text UUid:9ce84d52-09cb-4815-b2a1-636a035ebdef
11-19 16:19:58 com_github_MitjaNemec_ReplicateLayout.replicate_layout 986:Dst text UUid:4254ea6a-3735-4dbc-9755-105b1afea3f3
11-19 16:19:58 com_github_MitjaNemec_ReplicateLayout.replicate_layout 985:Src text UUid:457b7e0d-192f-4f6e-9e24-058b2a73717c
11-19 16:19:58 com_github_MitjaNemec_ReplicateLayout.replicate_layout 986:Dst text UUid:6e6f6b6f-2320-4610-9334-f38e7008b07b
11-19 16:19:58 com_github_MitjaNemec_ReplicateLayout.replicate_layout 985:Src text UUid:864d1679-43bb-4b86-b7a2-0f14613f79e3
11-19 16:19:58 com_github_MitjaNemec_ReplicateLayout.replicate_layout 986:Dst text UUid:d346f1ad-f202-48bb-8c28-68b97b735619
11-19 16:19:58 com_github_MitjaNemec_ReplicateLayout.replicate_layout 985:Src text UUid:e84cea0b-5853-4324-8bb8-0435fd3bac23
11-19 16:19:58 com_github_MitjaNemec_ReplicateLayout.replicate_layout 986:Dst text UUid:4029f329-709b-4026-8c69-189652c0b251
11-19 16:19:58 com_github_MitjaNemec_ReplicateLayout.replicate_layout 985:Src text UUid:6cd7f407-27a8-4d85-bb1a-6e17c7b25b9d
11-19 16:19:58 com_github_MitjaNemec_ReplicateLayout.replicate_layout 986:Dst text UUid:6d32243f-7d45-49ce-95c8-aed4c0504bf0
11-19 16:19:58 com_github_MitjaNemec_ReplicateLayout.replicate_layout 985:Src text UUid:baa47c66-f78b-40ad-b4f3-9cc24eea0aa0
11-19 16:19:58 com_github_MitjaNemec_ReplicateLayout.replicate_layout 986:Dst text UUid:11385940-6a84-4a3d-bf4c-0d5c8998df1e
11-19 16:19:58 com_github_MitjaNemec_ReplicateLayout.replicate_layout 985:Src text UUid:a7af470f-7718-4d11-9530-4a1883fe9e22
11-19 16:19:58 com_github_MitjaNemec_ReplicateLayout.replicate_layout 986:Dst text UUid:f67dea71-8971-4efe-9e49-682191d3d86c
11-19 16:19:58 com_github_MitjaNemec_ReplicateLayout.replicate_layout 985:Src text UUid:5537cfec-a196-497d-a445-5c7883a4ed59
11-19 16:19:58 com_github_MitjaNemec_ReplicateLayout.replicate_layout 986:Dst text UUid:1cc9657a-f2b3-469f-a808-54ae1cf64b09
11-19 16:19:58 com_github_MitjaNemec_ReplicateLayout.replicate_layout 985:Src text UUid:d153c0fb-164a-4071-a74d-fd5a28d3328b
11-19 16:19:58 com_github_MitjaNemec_ReplicateLayout.replicate_layout 986:Dst text UUid:47a2375b-9108-4918-8b08-a018fe458960
11-19 16:19:58 com_github_MitjaNemec_ReplicateLayout.replicate_layout 985:Src text UUid:8d6a56be-30ef-4af5-ab14-1b585fc4fda3
11-19 16:19:58 com_github_MitjaNemec_ReplicateLayout.replicate_layout 986:Dst text UUid:f3190bc0-bfc1-46de-aebe-b5fddaa56acc
11-19 16:19:58 com_github_MitjaNemec_ReplicateLayout.replicate_layout 985:Src text UUid:be6daed3-ce2c-4482-b625-2311c78ebdf7
11-19 16:19:58 com_github_MitjaNemec_ReplicateLayout.replicate_layout 986:Dst text UUid:bab6be56-f2b3-47f2-b335-3bc27c3523bd
11-19 16:19:58 com_github_MitjaNemec_ReplicateLayout.replicate_layout 985:Src text UUid:7f3332aa-fcf1-4420-aad6-cde9426c18e5
11-19 16:19:58 com_github_MitjaNemec_ReplicateLayout.replicate_layout 986:Dst text UUid:a2316179-ea64-4147-99f8-ff0e71064db3
11-19 16:19:58 com_github_MitjaNemec_ReplicateLayout.replicate_layout 868:Replicating footprints on sheet ['Knob3']
11-19 16:19:58 com_github_MitjaNemec_ReplicateLayout.replicate_layout 985:Src text UUid:71e13fa4-9b1d-4670-92f5-cf9a68b79561
11-19 16:19:58 com_github_MitjaNemec_ReplicateLayout.replicate_layout 986:Dst text UUid:82fa4507-69e6-448e-9acf-732f49a01a26
11-19 16:19:58 com_github_MitjaNemec_ReplicateLayout.replicate_layout 985:Src text UUid:7fd31c2c-5c89-474d-b046-a2ff759695f1
11-19 16:19:58 com_github_MitjaNemec_ReplicateLayout.replicate_layout 986:Dst text UUid:a17f884c-0d9e-48ef-9d56-bcf1fee069cf
11-19 16:19:58 com_github_MitjaNemec_ReplicateLayout.replicate_layout 985:Src text UUid:9ce84d52-09cb-4815-b2a1-636a035ebdef
11-19 16:19:58 com_github_MitjaNemec_ReplicateLayout.replicate_layout 986:Dst text UUid:cfe1d32c-98c7-4a58-9abc-5e343e99e14a
11-19 16:19:58 com_github_MitjaNemec_ReplicateLayout.replicate_layout 985:Src text UUid:457b7e0d-192f-4f6e-9e24-058b2a73717c
11-19 16:19:58 com_github_MitjaNemec_ReplicateLayout.replicate_layout 986:Dst text UUid:d6a55f4c-ed94-45fa-8a7b-738b8ce65638
11-19 16:19:58 com_github_MitjaNemec_ReplicateLayout.replicate_layout 985:Src text UUid:864d1679-43bb-4b86-b7a2-0f14613f79e3
11-19 16:19:58 com_github_MitjaNemec_ReplicateLayout.replicate_layout 986:Dst text UUid:a42870d8-9b2c-40a2-ae45-9d4cf0e2730a
11-19 16:19:58 com_github_MitjaNemec_ReplicateLayout.replicate_layout 985:Src text UUid:e84cea0b-5853-4324-8bb8-0435fd3bac23
11-19 16:19:58 com_github_MitjaNemec_ReplicateLayout.replicate_layout 986:Dst text UUid:cc39fdb0-145f-4aa9-83af-6a1e8059f2e6
11-19 16:19:58 com_github_MitjaNemec_ReplicateLayout.replicate_layout 985:Src text UUid:6cd7f407-27a8-4d85-bb1a-6e17c7b25b9d
11-19 16:19:58 com_github_MitjaNemec_ReplicateLayout.replicate_layout 986:Dst text UUid:58d46ff7-3e24-4bb1-8db9-55f41082cb0b
11-19 16:19:58 com_github_MitjaNemec_ReplicateLayout.replicate_layout 985:Src text UUid:baa47c66-f78b-40ad-b4f3-9cc24eea0aa0
11-19 16:19:58 com_github_MitjaNemec_ReplicateLayout.replicate_layout 986:Dst text UUid:17c6462b-376f-403b-955a-289b7a70ebbf
11-19 16:19:58 com_github_MitjaNemec_ReplicateLayout.replicate_layout 985:Src text UUid:a7af470f-7718-4d11-9530-4a1883fe9e22
11-19 16:19:58 com_github_MitjaNemec_ReplicateLayout.replicate_layout 986:Dst text UUid:b8b77b33-05f8-4f8d-9b0f-89748536e14a
11-19 16:19:58 com_github_MitjaNemec_ReplicateLayout.replicate_layout 985:Src text UUid:5537cfec-a196-497d-a445-5c7883a4ed59
11-19 16:19:58 com_github_MitjaNemec_ReplicateLayout.replicate_layout 986:Dst text UUid:d55831d6-dc43-4d53-9079-1edb92c3b1f5
11-19 16:19:58 com_github_MitjaNemec_ReplicateLayout.replicate_layout 985:Src text UUid:d153c0fb-164a-4071-a74d-fd5a28d3328b
11-19 16:19:58 com_github_MitjaNemec_ReplicateLayout.replicate_layout 986:Dst text UUid:4ac12344-8f14-461a-a36a-3069011f6417
11-19 16:19:58 com_github_MitjaNemec_ReplicateLayout.replicate_layout 985:Src text UUid:8d6a56be-30ef-4af5-ab14-1b585fc4fda3
11-19 16:19:58 com_github_MitjaNemec_ReplicateLayout.replicate_layout 986:Dst text UUid:25b84cd3-2f00-47b1-8fb7-3b98861c7f75
11-19 16:19:58 com_github_MitjaNemec_ReplicateLayout.replicate_layout 985:Src text UUid:be6daed3-ce2c-4482-b625-2311c78ebdf7
11-19 16:19:58 com_github_MitjaNemec_ReplicateLayout.replicate_layout 986:Dst text UUid:686ecade-22df-4fa7-b290-31bd8eead10e
11-19 16:19:58 com_github_MitjaNemec_ReplicateLayout.replicate_layout 985:Src text UUid:7f3332aa-fcf1-4420-aad6-cde9426c18e5
11-19 16:19:58 com_github_MitjaNemec_ReplicateLayout.replicate_layout 986:Dst text UUid:6e1b8ca5-d0c6-450f-b857-d2c4cbab408a
11-19 16:19:58 com_github_MitjaNemec_ReplicateLayout.replicate_layout 868:Replicating footprints on sheet ['Knob4']
11-19 16:19:58 com_github_MitjaNemec_ReplicateLayout.replicate_layout 985:Src text UUid:71e13fa4-9b1d-4670-92f5-cf9a68b79561
11-19 16:19:58 com_github_MitjaNemec_ReplicateLayout.replicate_layout 986:Dst text UUid:d06631e0-fc3d-4eb9-96db-49b75e871a5c
11-19 16:19:58 com_github_MitjaNemec_ReplicateLayout.replicate_layout 985:Src text UUid:7fd31c2c-5c89-474d-b046-a2ff759695f1
11-19 16:19:58 com_github_MitjaNemec_ReplicateLayout.replicate_layout 986:Dst text UUid:568a7838-af21-4e4b-bf67-b96d36f80b73
11-19 16:19:58 com_github_MitjaNemec_ReplicateLayout.replicate_layout 985:Src text UUid:9ce84d52-09cb-4815-b2a1-636a035ebdef
11-19 16:19:58 com_github_MitjaNemec_ReplicateLayout.replicate_layout 986:Dst text UUid:dab7feca-3dad-45d7-b3a0-6339112d42c8
11-19 16:19:58 com_github_MitjaNemec_ReplicateLayout.replicate_layout 985:Src text UUid:457b7e0d-192f-4f6e-9e24-058b2a73717c
11-19 16:19:58 com_github_MitjaNemec_ReplicateLayout.replicate_layout 986:Dst text UUid:7c29d276-117e-4b7c-a19a-17ac5b26601c
11-19 16:19:58 com_github_MitjaNemec_ReplicateLayout.replicate_layout 985:Src text UUid:864d1679-43bb-4b86-b7a2-0f14613f79e3
11-19 16:19:58 com_github_MitjaNemec_ReplicateLayout.replicate_layout 986:Dst text UUid:143aac89-4eb1-4688-9fd5-9e04aee089d5
11-19 16:19:58 com_github_MitjaNemec_ReplicateLayout.replicate_layout 985:Src text UUid:e84cea0b-5853-4324-8bb8-0435fd3bac23
11-19 16:19:58 com_github_MitjaNemec_ReplicateLayout.replicate_layout 986:Dst text UUid:4f982d55-44ca-45b5-a55c-ae78a097e97a
11-19 16:19:58 com_github_MitjaNemec_ReplicateLayout.replicate_layout 985:Src text UUid:6cd7f407-27a8-4d85-bb1a-6e17c7b25b9d
11-19 16:19:58 com_github_MitjaNemec_ReplicateLayout.replicate_layout 986:Dst text UUid:602b092f-ef2a-494a-82b6-da3fc511a0ac
11-19 16:19:58 com_github_MitjaNemec_ReplicateLayout.replicate_layout 985:Src text UUid:baa47c66-f78b-40ad-b4f3-9cc24eea0aa0
11-19 16:19:58 com_github_MitjaNemec_ReplicateLayout.replicate_layout 986:Dst text UUid:b963630f-6cf2-4a89-a5d2-20c69b6c91e6
11-19 16:19:58 com_github_MitjaNemec_ReplicateLayout.replicate_layout 985:Src text UUid:a7af470f-7718-4d11-9530-4a1883fe9e22
11-19 16:19:58 com_github_MitjaNemec_ReplicateLayout.replicate_layout 986:Dst text UUid:f52c05ef-a221-402b-8032-e4abfd3d86d0
11-19 16:19:58 com_github_MitjaNemec_ReplicateLayout.replicate_layout 985:Src text UUid:5537cfec-a196-497d-a445-5c7883a4ed59
11-19 16:19:58 com_github_MitjaNemec_ReplicateLayout.replicate_layout 986:Dst text UUid:b431b43d-75e9-49aa-a719-254fcbe8b416
11-19 16:19:58 com_github_MitjaNemec_ReplicateLayout.replicate_layout 985:Src text UUid:d153c0fb-164a-4071-a74d-fd5a28d3328b
11-19 16:19:58 com_github_MitjaNemec_ReplicateLayout.replicate_layout 986:Dst text UUid:ffe9b9e2-0416-41d7-8482-2bf90ac02ae1
11-19 16:19:58 com_github_MitjaNemec_ReplicateLayout.replicate_layout 985:Src text UUid:8d6a56be-30ef-4af5-ab14-1b585fc4fda3
11-19 16:19:58 com_github_MitjaNemec_ReplicateLayout.replicate_layout 986:Dst text UUid:a231ffff-5154-47ad-97ae-372b8316df23
11-19 16:19:58 com_github_MitjaNemec_ReplicateLayout.replicate_layout 985:Src text UUid:be6daed3-ce2c-4482-b625-2311c78ebdf7
11-19 16:19:58 com_github_MitjaNemec_ReplicateLayout.replicate_layout 986:Dst text UUid:700ff4ea-7fcb-4b8c-9ab9-69e14a66c936
11-19 16:19:58 com_github_MitjaNemec_ReplicateLayout.replicate_layout 985:Src text UUid:7f3332aa-fcf1-4420-aad6-cde9426c18e5
11-19 16:19:58 com_github_MitjaNemec_ReplicateLayout.replicate_layout 986:Dst text UUid:8b933769-dedf-4f1a-bd47-46c65cb99b45
11-19 16:19:58 com_github_MitjaNemec_ReplicateLayout.replicate_layout 868:Replicating footprints on sheet ['Knob5']
11-19 16:19:58 com_github_MitjaNemec_ReplicateLayout.replicate_layout 985:Src text UUid:71e13fa4-9b1d-4670-92f5-cf9a68b79561
11-19 16:19:58 com_github_MitjaNemec_ReplicateLayout.replicate_layout 986:Dst text UUid:2d30e14a-75e0-4ebc-abf9-20f015cc6ddc
11-19 16:19:58 com_github_MitjaNemec_ReplicateLayout.replicate_layout 985:Src text UUid:7fd31c2c-5c89-474d-b046-a2ff759695f1
11-19 16:19:58 com_github_MitjaNemec_ReplicateLayout.replicate_layout 986:Dst text UUid:a2cfa293-9bde-49ef-be63-674a2f29864a
11-19 16:19:58 com_github_MitjaNemec_ReplicateLayout.replicate_layout 985:Src text UUid:9ce84d52-09cb-4815-b2a1-636a035ebdef
11-19 16:19:58 com_github_MitjaNemec_ReplicateLayout.replicate_layout 986:Dst text UUid:0857f799-de24-47f1-98c6-4132ad4a0d31
11-19 16:19:58 com_github_MitjaNemec_ReplicateLayout.replicate_layout 985:Src text UUid:457b7e0d-192f-4f6e-9e24-058b2a73717c
11-19 16:19:58 com_github_MitjaNemec_ReplicateLayout.replicate_layout 986:Dst text UUid:c9062a6a-b3e3-4af5-9373-0c0b931ccad1
11-19 16:19:58 com_github_MitjaNemec_ReplicateLayout.replicate_layout 985:Src text UUid:864d1679-43bb-4b86-b7a2-0f14613f79e3
11-19 16:19:58 com_github_MitjaNemec_ReplicateLayout.replicate_layout 986:Dst text UUid:0cac8af0-b589-4210-9ada-f3252ec776c2
11-19 16:19:58 com_github_MitjaNemec_ReplicateLayout.replicate_layout 985:Src text UUid:e84cea0b-5853-4324-8bb8-0435fd3bac23
11-19 16:19:58 com_github_MitjaNemec_ReplicateLayout.replicate_layout 986:Dst text UUid:0b5a1093-a476-493b-b8d8-0584192c166a
11-19 16:19:58 com_github_MitjaNemec_ReplicateLayout.replicate_layout 985:Src text UUid:6cd7f407-27a8-4d85-bb1a-6e17c7b25b9d
11-19 16:19:58 com_github_MitjaNemec_ReplicateLayout.replicate_layout 986:Dst text UUid:0481284e-3702-498b-a412-83ddfc5fe8d0
11-19 16:19:58 com_github_MitjaNemec_ReplicateLayout.replicate_layout 985:Src text UUid:baa47c66-f78b-40ad-b4f3-9cc24eea0aa0
11-19 16:19:58 com_github_MitjaNemec_ReplicateLayout.replicate_layout 986:Dst text UUid:6bae7816-9ab7-4e0a-8437-232f015e60b0
11-19 16:19:58 com_github_MitjaNemec_ReplicateLayout.replicate_layout 985:Src text UUid:a7af470f-7718-4d11-9530-4a1883fe9e22
11-19 16:19:58 com_github_MitjaNemec_ReplicateLayout.replicate_layout 986:Dst text UUid:59019b05-781d-45de-aeb7-8d4273c4a51c
11-19 16:19:58 com_github_MitjaNemec_ReplicateLayout.replicate_layout 985:Src text UUid:5537cfec-a196-497d-a445-5c7883a4ed59
11-19 16:19:58 com_github_MitjaNemec_ReplicateLayout.replicate_layout 986:Dst text UUid:9ce3d78e-3e75-4f0f-b722-f950a5603e37
11-19 16:19:58 com_github_MitjaNemec_ReplicateLayout.replicate_layout 985:Src text UUid:d153c0fb-164a-4071-a74d-fd5a28d3328b
11-19 16:19:58 com_github_MitjaNemec_ReplicateLayout.replicate_layout 986:Dst text UUid:375a2f94-e533-4b0c-a069-7b1c310442c4
11-19 16:19:58 com_github_MitjaNemec_ReplicateLayout.replicate_layout 985:Src text UUid:8d6a56be-30ef-4af5-ab14-1b585fc4fda3
11-19 16:19:58 com_github_MitjaNemec_ReplicateLayout.replicate_layout 986:Dst text UUid:2587d758-39e0-49e0-a301-747eeaf651a8
11-19 16:19:58 com_github_MitjaNemec_ReplicateLayout.replicate_layout 985:Src text UUid:be6daed3-ce2c-4482-b625-2311c78ebdf7
11-19 16:19:58 com_github_MitjaNemec_ReplicateLayout.replicate_layout 986:Dst text UUid:95677a7a-5ef9-4992-a805-e92011bac008
11-19 16:19:58 com_github_MitjaNemec_ReplicateLayout.replicate_layout 985:Src text UUid:7f3332aa-fcf1-4420-aad6-cde9426c18e5
11-19 16:19:58 com_github_MitjaNemec_ReplicateLayout.replicate_layout 986:Dst text UUid:d021e577-7dc7-47eb-8448-8f07a07da424
11-19 16:19:58 com_github_MitjaNemec_ReplicateLayout.replicate_layout 868:Replicating footprints on sheet ['Knob6']
11-19 16:19:58 com_github_MitjaNemec_ReplicateLayout.replicate_layout 985:Src text UUid:71e13fa4-9b1d-4670-92f5-cf9a68b79561
11-19 16:19:58 com_github_MitjaNemec_ReplicateLayout.replicate_layout 986:Dst text UUid:131cea0b-b7ac-4d8a-9669-c4fb26621623
11-19 16:19:58 com_github_MitjaNemec_ReplicateLayout.replicate_layout 985:Src text UUid:7fd31c2c-5c89-474d-b046-a2ff759695f1
11-19 16:19:58 com_github_MitjaNemec_ReplicateLayout.replicate_layout 986:Dst text UUid:3d760c71-9c52-4b1b-b10c-dcf3e1c68fdd
11-19 16:19:58 root 337:updating GUI with: 88
11-19 16:19:58 com_github_MitjaNemec_ReplicateLayout.replicate_layout 985:Src text UUid:9ce84d52-09cb-4815-b2a1-636a035ebdef
11-19 16:19:58 com_github_MitjaNemec_ReplicateLayout.replicate_layout 986:Dst text UUid:463532ac-f911-42ac-835f-6f45314627af
11-19 16:19:58 com_github_MitjaNemec_ReplicateLayout.replicate_layout 985:Src text UUid:457b7e0d-192f-4f6e-9e24-058b2a73717c
11-19 16:19:58 com_github_MitjaNemec_ReplicateLayout.replicate_layout 986:Dst text UUid:4f02f7be-9731-4e14-8135-336681c9f224
11-19 16:19:58 com_github_MitjaNemec_ReplicateLayout.replicate_layout 985:Src text UUid:864d1679-43bb-4b86-b7a2-0f14613f79e3
11-19 16:19:58 com_github_MitjaNemec_ReplicateLayout.replicate_layout 986:Dst text UUid:62af0c99-584b-4f44-992d-1ed442a0c38d
11-19 16:19:58 com_github_MitjaNemec_ReplicateLayout.replicate_layout 985:Src text UUid:e84cea0b-5853-4324-8bb8-0435fd3bac23
11-19 16:19:58 com_github_MitjaNemec_ReplicateLayout.replicate_layout 986:Dst text UUid:5e85d6bb-b837-4b87-bfab-c21bc939b648
11-19 16:19:58 com_github_MitjaNemec_ReplicateLayout.replicate_layout 985:Src text UUid:6cd7f407-27a8-4d85-bb1a-6e17c7b25b9d
11-19 16:19:58 com_github_MitjaNemec_ReplicateLayout.replicate_layout 986:Dst text UUid:fb90afe1-67a8-419f-883c-a784817af6c9
11-19 16:19:58 com_github_MitjaNemec_ReplicateLayout.replicate_layout 985:Src text UUid:baa47c66-f78b-40ad-b4f3-9cc24eea0aa0
11-19 16:19:58 com_github_MitjaNemec_ReplicateLayout.replicate_layout 986:Dst text UUid:80753e5b-ecef-4893-b046-dec2b348e015
11-19 16:19:58 com_github_MitjaNemec_ReplicateLayout.replicate_layout 985:Src text UUid:a7af470f-7718-4d11-9530-4a1883fe9e22
11-19 16:19:58 com_github_MitjaNemec_ReplicateLayout.replicate_layout 986:Dst text UUid:30776352-80e5-43d6-ac00-1ef9f9f991c6
11-19 16:19:58 com_github_MitjaNemec_ReplicateLayout.replicate_layout 985:Src text UUid:5537cfec-a196-497d-a445-5c7883a4ed59
11-19 16:19:58 com_github_MitjaNemec_ReplicateLayout.replicate_layout 986:Dst text UUid:179cc527-e816-4b38-a79d-67f651116058
11-19 16:19:58 com_github_MitjaNemec_ReplicateLayout.replicate_layout 985:Src text UUid:d153c0fb-164a-4071-a74d-fd5a28d3328b
11-19 16:19:58 com_github_MitjaNemec_ReplicateLayout.replicate_layout 986:Dst text UUid:07d20ebf-0339-423b-a009-d6f1cc3f8ac0
11-19 16:19:58 com_github_MitjaNemec_ReplicateLayout.replicate_layout 985:Src text UUid:8d6a56be-30ef-4af5-ab14-1b585fc4fda3
11-19 16:19:58 com_github_MitjaNemec_ReplicateLayout.replicate_layout 986:Dst text UUid:8a66e59c-89fc-4ef3-bacb-354d28801071
11-19 16:19:58 com_github_MitjaNemec_ReplicateLayout.replicate_layout 985:Src text UUid:be6daed3-ce2c-4482-b625-2311c78ebdf7
11-19 16:19:58 com_github_MitjaNemec_ReplicateLayout.replicate_layout 986:Dst text UUid:794d503b-c320-4885-bda1-9ca318a9d0b4
11-19 16:19:58 com_github_MitjaNemec_ReplicateLayout.replicate_layout 985:Src text UUid:7f3332aa-fcf1-4420-aad6-cde9426c18e5
11-19 16:19:58 com_github_MitjaNemec_ReplicateLayout.replicate_layout 986:Dst text UUid:e543ef8e-2141-4b87-a680-79597bfa8300
11-19 16:19:58 com_github_MitjaNemec_ReplicateLayout.replicate_layout 328:Removing tracks and zones, after footprint placement
11-19 16:19:58 root 332:updating GUI message: 'Removing zones and tracks'
11-19 16:19:58 com_github_MitjaNemec_ReplicateLayout.replicate_layout 1277:Remove bounding box top:69945000, bottom:82175000, Left:256162500, Right:274075000
11-19 16:19:58 com_github_MitjaNemec_ReplicateLayout.replicate_layout 1277:Remove bounding box top:50895000, bottom:63125000, Left:256162500, Right:274075000
11-19 16:19:58 com_github_MitjaNemec_ReplicateLayout.replicate_layout 1277:Remove bounding box top:89275000, bottom:101505000, Left:125975000, Right:143887500
11-19 16:19:58 root 337:updating GUI with: 60
11-19 16:19:58 com_github_MitjaNemec_ReplicateLayout.replicate_layout 1277:Remove bounding box top:70225000, bottom:82455000, Left:125975000, Right:143887500
11-19 16:19:58 com_github_MitjaNemec_ReplicateLayout.replicate_layout 1277:Remove bounding box top:51175000, bottom:63405000, Left:125975000, Right:143887500
11-19 16:19:58 root 332:updating GUI message: 'Replicating tracks'
11-19 16:19:58 com_github_MitjaNemec_ReplicateLayout.replicate_layout 1009:Replicating tracks
11-19 16:19:58 com_github_MitjaNemec_ReplicateLayout.replicate_layout 1015:Replicating tracks on sheet ['Knob2']
11-19 16:19:58 com_github_MitjaNemec_ReplicateLayout.replicate_layout 776:Significant difference between src net: ['LEDS'] and dst net: ['', 'Knob1', 'LED Out'], with src_net_depth=1, dst_net_depth=3, src_fp_depth=2, dst_fp_depth=2, match level 0.55
11-19 16:19:58 com_github_MitjaNemec_ReplicateLayout.replicate_layout 792:Net pairs for sheet ['Knob2'] :[('ADC 1', 'ADC 2'), ('', ''), ('/Knob1/LED Out', '/Knob2/LED Out'), ('GND', 'GND'), ('Net-(R18-Pad3)', 'Net-(R21-Pad3)'), ('LEDS', '/Knob1/LED Out'), ('Net-(R17-Pad2)', 'Net-(R20-Pad2)'), ('+5V', '+5V')]
11-19 16:19:58 com_github_MitjaNemec_ReplicateLayout.replicate_layout 1015:Replicating tracks on sheet ['Knob3']
11-19 16:19:58 com_github_MitjaNemec_ReplicateLayout.replicate_layout 776:Significant difference between src net: ['LEDS'] and dst net: ['', 'Knob2', 'LED Out'], with src_net_depth=1, dst_net_depth=3, src_fp_depth=2, dst_fp_depth=2, match level 0.55
11-19 16:19:58 com_github_MitjaNemec_ReplicateLayout.replicate_layout 792:Net pairs for sheet ['Knob3'] :[('Net-(R18-Pad3)', 'Net-(R24-Pad3)'), ('Net-(R17-Pad2)', 'Net-(R23-Pad2)'), ('', ''), ('GND', 'GND'), ('ADC 1', 'ADC 3'), ('/Knob1/LED Out', '/Knob3/LED Out'), ('+5V', '+5V'), ('LEDS', '/Knob2/LED Out')]
11-19 16:19:58 com_github_MitjaNemec_ReplicateLayout.replicate_layout 1015:Replicating tracks on sheet ['Knob4']
11-19 16:19:58 com_github_MitjaNemec_ReplicateLayout.replicate_layout 776:Significant difference between src net: ['LEDS'] and dst net: ['', 'Knob4', 'LED In'], with src_net_depth=1, dst_net_depth=3, src_fp_depth=2, dst_fp_depth=2, match level 0.60
11-19 16:19:58 com_github_MitjaNemec_ReplicateLayout.replicate_layout 792:Net pairs for sheet ['Knob4'] :[('Net-(R17-Pad2)', 'Net-(R33-Pad2)'), ('/Knob1/LED Out', '/Knob4/LED Out'), ('', ''), ('GND', 'GND'), ('Net-(R18-Pad3)', 'Net-(R34-Pad3)'), ('LEDS', '/Knob4/LED In'), ('+5V', '+5V'), ('ADC 1', 'ADC 4')]
11-19 16:19:58 com_github_MitjaNemec_ReplicateLayout.replicate_layout 1015:Replicating tracks on sheet ['Knob5']
11-19 16:19:58 com_github_MitjaNemec_ReplicateLayout.replicate_layout 776:Significant difference between src net: ['LEDS'] and dst net: ['', 'Knob5', 'LED In'], with src_net_depth=1, dst_net_depth=3, src_fp_depth=2, dst_fp_depth=2, match level 0.60
11-19 16:19:58 com_github_MitjaNemec_ReplicateLayout.replicate_layout 792:Net pairs for sheet ['Knob5'] :[('LEDS', '/Knob5/LED In'), ('', ''), ('Net-(R18-Pad3)', 'Net-(R37-Pad3)'), ('GND', 'GND'), ('+5V', '+5V'), ('Net-(R17-Pad2)', 'Net-(R36-Pad2)'), ('/Knob1/LED Out', '/Knob4/LED In'), ('ADC 1', 'ADC 5')]
11-19 16:19:58 com_github_MitjaNemec_ReplicateLayout.replicate_layout 1015:Replicating tracks on sheet ['Knob6']
11-19 16:19:58 com_github_MitjaNemec_ReplicateLayout.replicate_layout 776:Significant difference between src net: ['LEDS'] and dst net: ['', 'Knob6', 'LED In'], with src_net_depth=1, dst_net_depth=3, src_fp_depth=2, dst_fp_depth=2, match level 0.60
11-19 16:19:58 com_github_MitjaNemec_ReplicateLayout.replicate_layout 792:Net pairs for sheet ['Knob6'] :[('Net-(R17-Pad2)', 'Net-(R39-Pad2)'), ('', ''), ('LEDS', '/Knob6/LED In'), ('GND', 'GND'), ('/Knob1/LED Out', '/Knob5/LED In'), ('+5V', '+5V'), ('Net-(R18-Pad3)', 'Net-(R40-Pad3)'), ('ADC 1', 'ADC 6')]
11-19 16:19:58 root 337:updating GUI with: 100
11-19 16:19:58 root 332:updating GUI message: 'Replicating zones'
11-19 16:19:58 com_github_MitjaNemec_ReplicateLayout.replicate_layout 1079:Replicating zones
11-19 16:19:58 com_github_MitjaNemec_ReplicateLayout.replicate_layout 1086:Replicating zones on sheet ['Knob2']
11-19 16:19:58 com_github_MitjaNemec_ReplicateLayout.replicate_layout 776:Significant difference between src net: ['LEDS'] and dst net: ['', 'Knob1', 'LED Out'], with src_net_depth=1, dst_net_depth=3, src_fp_depth=2, dst_fp_depth=2, match level 0.55
11-19 16:19:58 com_github_MitjaNemec_ReplicateLayout.replicate_layout 792:Net pairs for sheet ['Knob2'] :[('ADC 1', 'ADC 2'), ('', ''), ('/Knob1/LED Out', '/Knob2/LED Out'), ('GND', 'GND'), ('Net-(R18-Pad3)', 'Net-(R21-Pad3)'), ('LEDS', '/Knob1/LED Out'), ('Net-(R17-Pad2)', 'Net-(R20-Pad2)'), ('+5V', '+5V')]
11-19 16:19:58 com_github_MitjaNemec_ReplicateLayout.replicate_layout 1086:Replicating zones on sheet ['Knob3']
11-19 16:19:58 com_github_MitjaNemec_ReplicateLayout.replicate_layout 776:Significant difference between src net: ['LEDS'] and dst net: ['', 'Knob2', 'LED Out'], with src_net_depth=1, dst_net_depth=3, src_fp_depth=2, dst_fp_depth=2, match level 0.55
11-19 16:19:58 com_github_MitjaNemec_ReplicateLayout.replicate_layout 792:Net pairs for sheet ['Knob3'] :[('Net-(R18-Pad3)', 'Net-(R24-Pad3)'), ('Net-(R17-Pad2)', 'Net-(R23-Pad2)'), ('', ''), ('GND', 'GND'), ('ADC 1', 'ADC 3'), ('/Knob1/LED Out', '/Knob3/LED Out'), ('+5V', '+5V'), ('LEDS', '/Knob2/LED Out')]
11-19 16:19:58 com_github_MitjaNemec_ReplicateLayout.replicate_layout 1086:Replicating zones on sheet ['Knob4']
11-19 16:19:58 com_github_MitjaNemec_ReplicateLayout.replicate_layout 776:Significant difference between src net: ['LEDS'] and dst net: ['', 'Knob4', 'LED In'], with src_net_depth=1, dst_net_depth=3, src_fp_depth=2, dst_fp_depth=2, match level 0.60
11-19 16:19:58 com_github_MitjaNemec_ReplicateLayout.replicate_layout 792:Net pairs for sheet ['Knob4'] :[('Net-(R17-Pad2)', 'Net-(R33-Pad2)'), ('/Knob1/LED Out', '/Knob4/LED Out'), ('', ''), ('GND', 'GND'), ('Net-(R18-Pad3)', 'Net-(R34-Pad3)'), ('LEDS', '/Knob4/LED In'), ('+5V', '+5V'), ('ADC 1', 'ADC 4')]
11-19 16:19:58 com_github_MitjaNemec_ReplicateLayout.replicate_layout 1086:Replicating zones on sheet ['Knob5']
11-19 16:19:58 com_github_MitjaNemec_ReplicateLayout.replicate_layout 776:Significant difference between src net: ['LEDS'] and dst net: ['', 'Knob5', 'LED In'], with src_net_depth=1, dst_net_depth=3, src_fp_depth=2, dst_fp_depth=2, match level 0.60
11-19 16:19:58 com_github_MitjaNemec_ReplicateLayout.replicate_layout 792:Net pairs for sheet ['Knob5'] :[('LEDS', '/Knob5/LED In'), ('', ''), ('Net-(R18-Pad3)', 'Net-(R37-Pad3)'), ('GND', 'GND'), ('+5V', '+5V'), ('Net-(R17-Pad2)', 'Net-(R36-Pad2)'), ('/Knob1/LED Out', '/Knob4/LED In'), ('ADC 1', 'ADC 5')]
11-19 16:19:58 com_github_MitjaNemec_ReplicateLayout.replicate_layout 1086:Replicating zones on sheet ['Knob6']
11-19 16:19:58 com_github_MitjaNemec_ReplicateLayout.replicate_layout 776:Significant difference between src net: ['LEDS'] and dst net: ['', 'Knob6', 'LED In'], with src_net_depth=1, dst_net_depth=3, src_fp_depth=2, dst_fp_depth=2, match level 0.60
11-19 16:19:58 com_github_MitjaNemec_ReplicateLayout.replicate_layout 792:Net pairs for sheet ['Knob6'] :[('Net-(R17-Pad2)', 'Net-(R39-Pad2)'), ('', ''), ('LEDS', '/Knob6/LED In'), ('GND', 'GND'), ('/Knob1/LED Out', '/Knob5/LED In'), ('+5V', '+5V'), ('Net-(R18-Pad3)', 'Net-(R40-Pad3)'), ('ADC 1', 'ADC 6')]
11-19 16:19:58 root 332:updating GUI message: 'Replicating text'
11-19 16:19:58 com_github_MitjaNemec_ReplicateLayout.replicate_layout 1168:Replicating text
11-19 16:19:58 com_github_MitjaNemec_ReplicateLayout.replicate_layout 1175:Replicating text on sheet ['Knob2']
11-19 16:19:58 com_github_MitjaNemec_ReplicateLayout.replicate_layout 1175:Replicating text on sheet ['Knob3']
11-19 16:19:58 com_github_MitjaNemec_ReplicateLayout.replicate_layout 1175:Replicating text on sheet ['Knob4']
11-19 16:19:58 com_github_MitjaNemec_ReplicateLayout.replicate_layout 1175:Replicating text on sheet ['Knob5']
11-19 16:19:58 com_github_MitjaNemec_ReplicateLayout.replicate_layout 1175:Replicating text on sheet ['Knob6']
11-19 16:19:58 root 332:updating GUI message: 'Replicating drawings'
11-19 16:19:58 com_github_MitjaNemec_ReplicateLayout.replicate_layout 1219:Replicating drawings
11-19 16:19:58 com_github_MitjaNemec_ReplicateLayout.replicate_layout 1225:Replicating drawings on sheet ['Knob2']
11-19 16:19:58 com_github_MitjaNemec_ReplicateLayout.replicate_layout 1225:Replicating drawings on sheet ['Knob3']
11-19 16:19:58 com_github_MitjaNemec_ReplicateLayout.replicate_layout 1225:Replicating drawings on sheet ['Knob4']
11-19 16:19:58 com_github_MitjaNemec_ReplicateLayout.replicate_layout 1225:Replicating drawings on sheet ['Knob5']
11-19 16:19:58 com_github_MitjaNemec_ReplicateLayout.replicate_layout 1225:Replicating drawings on sheet ['Knob6']
11-19 16:19:58 root 332:updating GUI message: 'Removing duplicates'
11-19 16:19:58 com_github_MitjaNemec_ReplicateLayout.action_replicate_layout 256:Replication complete
11-19 16:19:58 com_github_MitjaNemec_ReplicateLayout.action_replicate_layout 259:Letting the user know there are some issues with replicated design
11-19 16:19:58 com_github_MitjaNemec_ReplicateLayout.action_replicate_layout 263:Looks like the design has an exotic connectivity that the plugin might not handle properly
 Make sure that you check the connectivity around:
Footprint U24, pad 4
Footprint U12, pad 4
Footprint U23, pad 4
Footprint U22, pad 4
Footprint U13, pad 4

